Using pre-set license
Built from '2021.3/staging' branch; Version is '2021.3.23f1 (213b516bf396) revision 2177873'; Using compiler version '192829333'; Build Type 'Release'
OS: 'Windows 10  (10.0.19045) 64bit Core' Language: 'en' Physical Memory: 8141 MB
BatchMode: 1, IsHumanControllingUs: 0, StartBugReporterOnCrash: 0, Is64bit: 1, IsPro: 1

COMMAND LINE ARGUMENTS:
C:\Program Files\Unity 2021.3.23f1\Editor\Unity.exe
-adb2
-batchMode
-noUpm
-name
AssetImportWorker3
-projectPath
C:/Users/leonl/marph
-logFile
Logs/AssetImportWorker3.log
-srvPort
53190
Successfully changed project path to: C:/Users/leonl/marph
C:/Users/leonl/marph
[UnityMemory] Configuration Parameters - Can be set up in boot.config
    "memorysetup-bucket-allocator-granularity=16"
    "memorysetup-bucket-allocator-bucket-count=8"
    "memorysetup-bucket-allocator-block-size=33554432"
    "memorysetup-bucket-allocator-block-count=8"
    "memorysetup-main-allocator-block-size=16777216"
    "memorysetup-thread-allocator-block-size=16777216"
    "memorysetup-gfx-main-allocator-block-size=16777216"
    "memorysetup-gfx-thread-allocator-block-size=16777216"
    "memorysetup-cache-allocator-block-size=4194304"
    "memorysetup-typetree-allocator-block-size=2097152"
    "memorysetup-profiler-bucket-allocator-granularity=16"
    "memorysetup-profiler-bucket-allocator-bucket-count=8"
    "memorysetup-profiler-bucket-allocator-block-size=33554432"
    "memorysetup-profiler-bucket-allocator-block-count=8"
    "memorysetup-profiler-allocator-block-size=16777216"
    "memorysetup-profiler-editor-allocator-block-size=1048576"
    "memorysetup-temp-allocator-size-main=16777216"
    "memorysetup-job-temp-allocator-block-size=2097152"
    "memorysetup-job-temp-allocator-block-size-background=1048576"
    "memorysetup-job-temp-allocator-reduction-small-platforms=262144"
    "memorysetup-temp-allocator-size-background-worker=32768"
    "memorysetup-temp-allocator-size-job-worker=262144"
    "memorysetup-temp-allocator-size-preload-manager=33554432"
    "memorysetup-temp-allocator-size-nav-mesh-worker=65536"
    "memorysetup-temp-allocator-size-audio-worker=65536"
    "memorysetup-temp-allocator-size-cloud-worker=32768"
    "memorysetup-temp-allocator-size-gi-baking-worker=262144"
    "memorysetup-temp-allocator-size-gfx=262144"
Player connection [11908] Host "[IP] 192.168.4.32 [Port] 0 [Flags] 2 [Guid] 3855596966 [EditorId] 3855596966 [Version] 1048832 [Id] WindowsEditor(7,DESKTOP-Q9QOKAQ) [Debug] 1 [PackageName] WindowsEditor [ProjectName] Editor" joined multi-casting on [225.0.0.222:54997]...

Player connection [11908] Host "[IP] 192.168.4.32 [Port] 0 [Flags] 2 [Guid] 3855596966 [EditorId] 3855596966 [Version] 1048832 [Id] WindowsEditor(7,DESKTOP-Q9QOKAQ) [Debug] 1 [PackageName] WindowsEditor [ProjectName] Editor" joined alternative multi-casting on [225.0.0.222:34997]...

Refreshing native plugins compatible for Editor in 136.92 ms, found 3 plugins.
Preloading 0 native plugins for Editor in 0.00 ms.
Initialize engine version: 2021.3.23f1 (213b516bf396)
[Subsystems] Discovering subsystems at path C:/Program Files/Unity 2021.3.23f1/Editor/Data/Resources/UnitySubsystems
[Subsystems] Discovering subsystems at path C:/Users/leonl/marph/Assets
GfxDevice: creating device client; threaded=0; jobified=0
Direct3D:
    Version:  Direct3D 11.0 [level 11.1]
    Renderer: NVIDIA GeForce GTX 1660 Ti (ID=0x2182)
    Vendor:   NVIDIA
    VRAM:     5979 MB
    Driver:   31.0.15.3623
Initialize mono
Mono path[0] = 'C:/Program Files/Unity 2021.3.23f1/Editor/Data/Managed'
Mono path[1] = 'C:/Program Files/Unity 2021.3.23f1/Editor/Data/MonoBleedingEdge/lib/mono/unityjit-win32'
Mono config path = 'C:/Program Files/Unity 2021.3.23f1/Editor/Data/MonoBleedingEdge/etc'
Using monoOptions --debugger-agent=transport=dt_socket,embedding=1,server=y,suspend=n,address=127.0.0.1:56044
Begin MonoManager ReloadAssembly
Registering precompiled unity dll's ...
Register platform support module: C:/Program Files/Unity 2021.3.23f1/Editor/Data/PlaybackEngines/WindowsStandaloneSupport/UnityEditor.WindowsStandalone.Extensions.dll
Registered in 0.020066 seconds.
Native extension for WindowsStandalone target not found
Refreshing native plugins compatible for Editor in 245.97 ms, found 3 plugins.
Preloading 0 native plugins for Editor in 0.00 ms.
Mono: successfully reloaded assembly
- Completed reload, in  2.095 seconds
Domain Reload Profiling:
	ReloadAssembly (2096ms)
		BeginReloadAssembly (316ms)
			ExecutionOrderSort (0ms)
			DisableScriptedObjects (0ms)
			BackupInstance (0ms)
			ReleaseScriptingObjects (0ms)
			CreateAndSetChildDomain (2ms)
		EndReloadAssembly (1435ms)
			LoadAssemblies (305ms)
			RebuildTransferFunctionScriptingTraits (0ms)
			SetupTypeCache (304ms)
			ReleaseScriptCaches (0ms)
			RebuildScriptCaches (85ms)
			SetupLoadedEditorAssemblies (888ms)
				LogAssemblyErrors (0ms)
				InitializePlatformSupportModulesInManaged (22ms)
				SetLoadedEditorAssemblies (1ms)
				RefreshPlugins (246ms)
				BeforeProcessingInitializeOnLoad (3ms)
				ProcessInitializeOnLoadAttributes (478ms)
				ProcessInitializeOnLoadMethodAttributes (137ms)
				AfterProcessingInitializeOnLoad (0ms)
				EditorAssembliesLoaded (0ms)
			ExecutionOrderSort2 (0ms)
			AwakeInstancesAfterBackupRestoration (0ms)
Platform modules already initialized, skipping
Registering precompiled user dll's ...
Registered in 0.019288 seconds.
Begin MonoManager ReloadAssembly
Symbol file LoadedFromMemory doesn't match image C:\Users\leonl\marph\Library\PackageCache\com.unity.visualscripting@1.8.0\Editor\VisualScripting.Core\Dependencies\YamlDotNet\Unity.VisualScripting.YamlDotNet.dll
Symbol file LoadedFromMemory doesn't match image C:\Users\leonl\marph\Library\PackageCache\com.unity.visualscripting@1.8.0\Editor\VisualScripting.Core\Dependencies\DotNetZip\Unity.VisualScripting.IonicZip.dll
Native extension for WindowsStandalone target not found
Refreshing native plugins compatible for Editor in 1.16 ms, found 3 plugins.
Preloading 0 native plugins for Editor in 0.00 ms.
Mono: successfully reloaded assembly
- Completed reload, in  3.061 seconds
Domain Reload Profiling:
	ReloadAssembly (3063ms)
		BeginReloadAssembly (356ms)
			ExecutionOrderSort (0ms)
			DisableScriptedObjects (19ms)
			BackupInstance (0ms)
			ReleaseScriptingObjects (0ms)
			CreateAndSetChildDomain (43ms)
		EndReloadAssembly (2368ms)
			LoadAssemblies (271ms)
			RebuildTransferFunctionScriptingTraits (0ms)
			SetupTypeCache (719ms)
			ReleaseScriptCaches (1ms)
			RebuildScriptCaches (140ms)
			SetupLoadedEditorAssemblies (1143ms)
				LogAssemblyErrors (0ms)
				InitializePlatformSupportModulesInManaged (16ms)
				SetLoadedEditorAssemblies (1ms)
				RefreshPlugins (1ms)
				BeforeProcessingInitializeOnLoad (279ms)
				ProcessInitializeOnLoadAttributes (759ms)
				ProcessInitializeOnLoadMethodAttributes (53ms)
				AfterProcessingInitializeOnLoad (33ms)
				EditorAssembliesLoaded (0ms)
			ExecutionOrderSort2 (0ms)
			AwakeInstancesAfterBackupRestoration (19ms)
Platform modules already initialized, skipping
========================================================================
Worker process is ready to serve import requests
Launched and connected shader compiler UnityShaderCompiler.exe after 0.10 seconds
Refreshing native plugins compatible for Editor in 1.80 ms, found 3 plugins.
Preloading 0 native plugins for Editor in 0.00 ms.
Unloading 3421 Unused Serialized files (Serialized files now loaded: 0)
Unloading 25 unused Assets / (152.3 KB). Loaded Objects now: 3883.
Memory consumption went from 123.4 MB to 123.2 MB.
Total: 8.020400 ms (FindLiveObjects: 0.753200 ms CreateObjectMapping: 0.244400 ms MarkObjects: 6.672400 ms  DeleteObjects: 0.348100 ms)

AssetImportParameters requested are different than current active one (requested -> active):
  custom:video-decoder-ogg-theora: a1e56fd34408186e4bbccfd4996cb3dc -> 
  custom:container-muxer-webm: aa71ff27fc2769a1b78a27578f13a17b -> 
  custom:container-demuxer-webm: 4f35f7cbe854078d1ac9338744f61a02 -> 
  custom:video-encoder-webm-vp8: eb34c28f22e8b96e1ab97ce403110664 -> 
  custom:audio-encoder-webm-vorbis: bf7c407c2cedff20999df2af8eb42d56 -> 
  custom:framework-win-MediaFoundation: 216162199b28c13a410421893ffa2e32 -> 
  custom:container-demuxer-ogg: 62fdf1f143b41e24485cea50d1cbac27 -> 
  custom:video-decoder-webm-vp8: 9c59270c3fd7afecdb556c50c9e8de78 -> 
  custom:audio-decoder-ogg-vorbis: bf7c407c2cedff20999df2af8eb42d56 -> 
========================================================================
Received Import Request.
  Time since last request: 778822.500690 seconds.
  path: Assets/levelMats/walls/bareConcreteA.png
  artifactKey: Guid(62a88f6abd26c03408fe8a7083907d69) Importer(815301076,1909f56bfc062723c751e8b465ee728b)
Start importing Assets/levelMats/walls/bareConcreteA.png using Guid(62a88f6abd26c03408fe8a7083907d69) Importer(815301076,1909f56bfc062723c751e8b465ee728b)  -> (artifact id: 'a13a757bdb7d7e04f3b69731b16d2938') in 0.253413 seconds 
========================================================================
Received Import Request.
  Time since last request: 0.000076 seconds.
  path: Assets/levelMats/walls/brickAUpper.png
  artifactKey: Guid(4ec90220a611f494caa316a937b5ccae) Importer(815301076,1909f56bfc062723c751e8b465ee728b)
Start importing Assets/levelMats/walls/brickAUpper.png using Guid(4ec90220a611f494caa316a937b5ccae) Importer(815301076,1909f56bfc062723c751e8b465ee728b)  -> (artifact id: 'da9ae42e10f1ac38f0792e74c4471a45') in 0.036766 seconds 
========================================================================
Received Import Request.
  Time since last request: 0.000081 seconds.
  path: Assets/levelMats/walls/greenWallA.png
  artifactKey: Guid(157e47ba93087ee4798221ecc42bc875) Importer(815301076,1909f56bfc062723c751e8b465ee728b)
Start importing Assets/levelMats/walls/greenWallA.png using Guid(157e47ba93087ee4798221ecc42bc875) Importer(815301076,1909f56bfc062723c751e8b465ee728b)  -> (artifact id: '09c4601d542eee2843f0a0b77384f772') in 0.033717 seconds 
========================================================================
Received Import Request.
  Time since last request: 0.000030 seconds.
  path: Assets/levelMats/walls/brickB.png
  artifactKey: Guid(6983aff64e90b1446bac8c7c2d8146bc) Importer(815301076,1909f56bfc062723c751e8b465ee728b)
Start importing Assets/levelMats/walls/brickB.png using Guid(6983aff64e90b1446bac8c7c2d8146bc) Importer(815301076,1909f56bfc062723c751e8b465ee728b)  -> (artifact id: '467839bf38969a062aa0fc7425b4a06e') in 0.020169 seconds 
========================================================================
Received Import Request.
  Time since last request: 0.000041 seconds.
  path: Assets/levelMats/walls/brickBUpper.png
  artifactKey: Guid(238e1691542186148bfa1f19667ef271) Importer(815301076,1909f56bfc062723c751e8b465ee728b)
Start importing Assets/levelMats/walls/brickBUpper.png using Guid(238e1691542186148bfa1f19667ef271) Importer(815301076,1909f56bfc062723c751e8b465ee728b)  -> (artifact id: '1262756582fcdfb67f74b4ea84583f64') in 0.021477 seconds 
========================================================================
Received Import Request.
  Time since last request: 42.600158 seconds.
  path: Assets/levelMats/flats/blueTileA.png
  artifactKey: Guid(c31dcb7bfd6461340a1c843a0f572cf6) Importer(815301076,1909f56bfc062723c751e8b465ee728b)
Start importing Assets/levelMats/flats/blueTileA.png using Guid(c31dcb7bfd6461340a1c843a0f572cf6) Importer(815301076,1909f56bfc062723c751e8b465ee728b)  -> (artifact id: '315c7cb53586d563b85e1f542e52a6a3') in 0.053914 seconds 
========================================================================
Received Import Request.
  Time since last request: 0.000074 seconds.
  path: Assets/levelMats/flats/metalA.png
  artifactKey: Guid(69c09e3bfdf00854eb4179ee9c9da403) Importer(815301076,1909f56bfc062723c751e8b465ee728b)
Start importing Assets/levelMats/flats/metalA.png using Guid(69c09e3bfdf00854eb4179ee9c9da403) Importer(815301076,1909f56bfc062723c751e8b465ee728b)  -> (artifact id: 'd2ffb0c1e3c210ccfcd798bd7f8edea9') in 0.061345 seconds 
========================================================================
Received Import Request.
  Time since last request: 0.000067 seconds.
  path: Assets/levelMats/flats/StepG.png
  artifactKey: Guid(9d1e52a735050c54680148cbd1b34529) Importer(815301076,1909f56bfc062723c751e8b465ee728b)
Start importing Assets/levelMats/flats/StepG.png using Guid(9d1e52a735050c54680148cbd1b34529) Importer(815301076,1909f56bfc062723c751e8b465ee728b)  -> (artifact id: 'f85bd60b7b7663921a529bcac757cb12') in 0.050954 seconds 
========================================================================
Received Import Request.
  Time since last request: 0.000077 seconds.
  path: Assets/levelMats/flats/StepH.png
  artifactKey: Guid(65ffa444033a4d54687e8acfc71a3c64) Importer(815301076,1909f56bfc062723c751e8b465ee728b)
Start importing Assets/levelMats/flats/StepH.png using Guid(65ffa444033a4d54687e8acfc71a3c64) Importer(815301076,1909f56bfc062723c751e8b465ee728b)  -> (artifact id: '00ab4f8345d3dfa7386bc08dd117d221') in 0.037552 seconds 
========================================================================
Received Import Request.
  Time since last request: 0.000058 seconds.
  path: Assets/levelMats/flats/metalB.png
  artifactKey: Guid(807fcb50f7d6bad4aa4227e0a32bfd7e) Importer(815301076,1909f56bfc062723c751e8b465ee728b)
Start importing Assets/levelMats/flats/metalB.png using Guid(807fcb50f7d6bad4aa4227e0a32bfd7e) Importer(815301076,1909f56bfc062723c751e8b465ee728b)  -> (artifact id: '033d11202dd8f1b6b433d48ea7762175') in 0.043637 seconds 
========================================================================
Received Import Request.
  Time since last request: 0.000049 seconds.
  path: Assets/levelMats/flats/dirtB.png
  artifactKey: Guid(7c07717909c1e31419b457201689efe6) Importer(815301076,1909f56bfc062723c751e8b465ee728b)
Start importing Assets/levelMats/flats/dirtB.png using Guid(7c07717909c1e31419b457201689efe6) Importer(815301076,1909f56bfc062723c751e8b465ee728b)  -> (artifact id: 'e768597f92c48654360209c41aaf7d05') in 0.025680 seconds 
========================================================================
Received Import Request.
  Time since last request: 0.000058 seconds.
  path: Assets/levelMats/flats/whiteTileB.png
  artifactKey: Guid(a200667760d8501489d043f0cd888cba) Importer(815301076,1909f56bfc062723c751e8b465ee728b)
Start importing Assets/levelMats/flats/whiteTileB.png using Guid(a200667760d8501489d043f0cd888cba) Importer(815301076,1909f56bfc062723c751e8b465ee728b)  -> (artifact id: 'f1bbfa48190a12504aea66bc2f195c80') in 0.025995 seconds 
========================================================================
Received Import Request.
  Time since last request: 0.000060 seconds.
  path: Assets/levelMats/flats/dirtA.png
  artifactKey: Guid(8a6d891e101f78f46b7a65b54be786dd) Importer(815301076,1909f56bfc062723c751e8b465ee728b)
Start importing Assets/levelMats/flats/dirtA.png using Guid(8a6d891e101f78f46b7a65b54be786dd) Importer(815301076,1909f56bfc062723c751e8b465ee728b)  -> (artifact id: '50e5bf38eae5e88d5ca2ef307a86f280') in 0.030769 seconds 
========================================================================
Received Import Request.
  Time since last request: 0.000051 seconds.
  path: Assets/levelMats/flats/StepB.png
  artifactKey: Guid(8cb65da8ef9c7834fa12c467c3eff00d) Importer(815301076,1909f56bfc062723c751e8b465ee728b)
Start importing Assets/levelMats/flats/StepB.png using Guid(8cb65da8ef9c7834fa12c467c3eff00d) Importer(815301076,1909f56bfc062723c751e8b465ee728b)  -> (artifact id: '579fe6c23a419643df2e5eec559f0bcb') in 0.028636 seconds 
========================================================================
Received Import Request.
  Time since last request: 19.253802 seconds.
  path: Assets/levelMats/flats/blueTileA.png
  artifactKey: Guid(c31dcb7bfd6461340a1c843a0f572cf6) Importer(815301076,1909f56bfc062723c751e8b465ee728b)
Start importing Assets/levelMats/flats/blueTileA.png using Guid(c31dcb7bfd6461340a1c843a0f572cf6) Importer(815301076,1909f56bfc062723c751e8b465ee728b)  -> (artifact id: '5a1224e901f84111ab04993c8b99e656') in 0.041855 seconds 
========================================================================
Received Import Request.
  Time since last request: 0.000058 seconds.
  path: Assets/levelMats/flats/checkB.png
  artifactKey: Guid(041924e948b29514ca1fbd955c2f92c6) Importer(815301076,1909f56bfc062723c751e8b465ee728b)
Start importing Assets/levelMats/flats/checkB.png using Guid(041924e948b29514ca1fbd955c2f92c6) Importer(815301076,1909f56bfc062723c751e8b465ee728b)  -> (artifact id: 'd59dd6f3ec054159ae7b7223202f513a') in 0.034720 seconds 
========================================================================
Received Import Request.
  Time since last request: 0.000063 seconds.
  path: Assets/levelMats/flats/woodFloorA.png
  artifactKey: Guid(8fead4100fd755548949d4a5411610f6) Importer(815301076,1909f56bfc062723c751e8b465ee728b)
Start importing Assets/levelMats/flats/woodFloorA.png using Guid(8fead4100fd755548949d4a5411610f6) Importer(815301076,1909f56bfc062723c751e8b465ee728b)  -> (artifact id: 'b344f4d0080ac81e99f4442f195f6c35') in 0.041455 seconds 
========================================================================
Received Import Request.
  Time since last request: 0.000052 seconds.
  path: Assets/levelMats/flats/metalB.png
  artifactKey: Guid(807fcb50f7d6bad4aa4227e0a32bfd7e) Importer(815301076,1909f56bfc062723c751e8b465ee728b)
Start importing Assets/levelMats/flats/metalB.png using Guid(807fcb50f7d6bad4aa4227e0a32bfd7e) Importer(815301076,1909f56bfc062723c751e8b465ee728b)  -> (artifact id: '2eb9b849c4c85a254a77b55ceb823c10') in 0.038249 seconds 
========================================================================
Received Import Request.
  Time since last request: 0.000063 seconds.
  path: Assets/levelMats/flats/dirtB.png
  artifactKey: Guid(7c07717909c1e31419b457201689efe6) Importer(815301076,1909f56bfc062723c751e8b465ee728b)
Start importing Assets/levelMats/flats/dirtB.png using Guid(7c07717909c1e31419b457201689efe6) Importer(815301076,1909f56bfc062723c751e8b465ee728b)  -> (artifact id: 'fb56bef4c65a33afd330a155236fa105') in 0.030675 seconds 
========================================================================
Received Import Request.
  Time since last request: 0.000065 seconds.
  path: Assets/levelMats/flats/whiteTileB.png
  artifactKey: Guid(a200667760d8501489d043f0cd888cba) Importer(815301076,1909f56bfc062723c751e8b465ee728b)
Start importing Assets/levelMats/flats/whiteTileB.png using Guid(a200667760d8501489d043f0cd888cba) Importer(815301076,1909f56bfc062723c751e8b465ee728b)  -> (artifact id: '78c5088b1ae0079d369da7a6a5054187') in 0.024764 seconds 
========================================================================
Received Import Request.
  Time since last request: 0.000053 seconds.
  path: Assets/levelMats/flats/dirtA.png
  artifactKey: Guid(8a6d891e101f78f46b7a65b54be786dd) Importer(815301076,1909f56bfc062723c751e8b465ee728b)
Start importing Assets/levelMats/flats/dirtA.png using Guid(8a6d891e101f78f46b7a65b54be786dd) Importer(815301076,1909f56bfc062723c751e8b465ee728b)  -> (artifact id: 'cecd2987486e7ed2c8359177a037b970') in 0.033152 seconds 
========================================================================
Received Import Request.
  Time since last request: 0.000053 seconds.
  path: Assets/levelMats/flats/StepB.png
  artifactKey: Guid(8cb65da8ef9c7834fa12c467c3eff00d) Importer(815301076,1909f56bfc062723c751e8b465ee728b)
Start importing Assets/levelMats/flats/StepB.png using Guid(8cb65da8ef9c7834fa12c467c3eff00d) Importer(815301076,1909f56bfc062723c751e8b465ee728b)  -> (artifact id: 'ecd5284ec07598b8b8a24d3e5c8f8bda') in 0.030372 seconds 
Editor requested this worker to shutdown with reason: Scaling down because of idle timeout
AssetImportWorker is now disconnected from the server
Process exiting
Exiting without the bug reporter. Application will terminate with return code 0